starting performance test with 32000 iterations for device: 0
***********************************************************
name:           Intel(R) Gen9 HD Graphics NEO
vendor:         Intel(R) Corporation
device version: OpenCL 2.1 NEO 
driver version: 18.25.10965
ocl C version:  OpenCL C 2.0 
type:           GPU
extensions:     cl_khr_3d_image_writes cl_khr_byte_addressable_store cl_khr_fp16 cl_khr_depth_images cl_khr_global_int32_base_atomics cl_khr_global_int32_extended_atomics
cl_khr_icd cl_khr_image2d_from_buffer cl_khr_local_int32_base_atomics cl_khr_local_int32_extended_atomics cl_intel_subgroups cl_intel_required_subgroup_size
cl_intel_subgroups_short cl_khr_spir cl_intel_accelerator cl_intel_media_block_io cl_intel_driver_diagnostics cl_intel_device_side_avc_motion_estimation cl_khr_priority_hints
cl_khr_throttle_hints cl_khr_create_command_queue cl_khr_fp64 cl_khr_subgroups cl_khr_il_program cl_khr_mipmap_image cl_khr_mipmap_image_writes cl_intel_planar_yuv
cl_intel_packed_yuv cl_intel_motion_estimation cl_intel_advanced_motion_estimation 
--- performance results --- 
avg exec time: 183 [us]
***********************************************************
starting performance test with 32000 iterations for device: 1
***********************************************************
name:           Intel(R) UHD Graphics Coffee Lake Desktop GT2
vendor:         Intel
device version: OpenCL 2.0 beignet 1.4 (git-7e181af2)
driver version: 1.4
ocl C version:  OpenCL C 2.0 beignet 1.4 (git-7e181af2)
type:           GPU
extensions:     cl_khr_global_int32_base_atomics cl_khr_global_int32_extended_atomics cl_khr_local_int32_base_atomics cl_khr_local_int32_extended_atomics
cl_khr_byte_addressable_store cl_khr_3d_image_writes cl_khr_image2d_from_buffer cl_khr_depth_images cl_khr_spir cl_khr_icd cl_intel_accelerator cl_intel_subgroups
cl_intel_subgroups_short cl_intel_media_block_io cl_intel_planar_yuv cl_khr_fp16
--- performance results --- 
avg exec time: 248 [us]
***********************************************************
starting performance test with 32000 iterations for device: 2
***********************************************************
name:           Intel(R) Core(TM) i7-8700K CPU @ 3.70GHz
vendor:         Intel(R) Corporation
device version: OpenCL 1.2 (Build 37)
driver version: 1.2.0.37
ocl C version:  OpenCL C 1.2 
type:           CPU
extensions:     cl_khr_icd cl_khr_global_int32_base_atomics cl_khr_global_int32_extended_atomics cl_khr_local_int32_base_atomics cl_khr_local_int32_extended_atomics
cl_khr_byte_addressable_store cl_khr_depth_images cl_khr_3d_image_writes cl_intel_exec_by_local_thread cl_khr_spir cl_khr_fp64 cl_intel_vec_len_hint 
--- performance results --- 
avg exec time: 145 [us]
***********************************************************
